Started by user [8mha:////4BJhtzjV/LFf4jT10SwL3besomcxLJUAAkQB4bv/h7sJAAAAnB+LCAAAAAAAAP9b85aBtbiIQTGjNKU4P08vOT+vOD8nVc83PyU1x6OyILUoJzMv2y+/JJUBAhiZGBgqihhk0NSjKDWzXb3RdlLBUSYGJk8GtpzUvPSSDB8G5tKinBIGIZ+sxLJE/ZzEvHT94JKizLx0a6BxUmjGOUNodHsLgAyOEgYB/dLi1CL9rPzUotQ8IwNDAwBvU2vexQAAAA==[0mJoe Josh
Obtained jenkinsfile from git https://github.com/joeren2010/aws_trav_globes.git
org.codehaus.groovy.control.MultipleCompilationErrorsException: startup failed:
WorkflowScript: 7: Unknown stage section "git". Starting with version 0.5, steps in a stage must be in a â€˜stepsâ€™ block. @ line 7, column 7.
         stage('Checkout') {
         ^

WorkflowScript: 7: Expected one of "steps", "stages", or "parallel" for stage "Checkout" @ line 7, column 7.
         stage('Checkout') {
         ^

2 errors

	at org.codehaus.groovy.control.ErrorCollector.failIfErrors(ErrorCollector.java:309)
	at org.codehaus.groovy.control.CompilationUnit.applyToPrimaryClassNodes(CompilationUnit.java:1107)
	at org.codehaus.groovy.control.CompilationUnit.doPhaseOperation(CompilationUnit.java:624)
	at org.codehaus.groovy.control.CompilationUnit.processPhaseOperations(CompilationUnit.java:602)
	at org.codehaus.groovy.control.CompilationUnit.compile(CompilationUnit.java:579)
	at groovy.lang.GroovyClassLoader.doParseClass(GroovyClassLoader.java:323)
	at groovy.lang.GroovyClassLoader.parseClass(GroovyClassLoader.java:293)
	at org.jenkinsci.plugins.scriptsecurity.sandbox.groovy.GroovySandbox$Scope.parse(GroovySandbox.java:163)
	at org.jenkinsci.plugins.workflow.cps.CpsGroovyShell.doParse(CpsGroovyShell.java:190)
	at org.jenkinsci.plugins.workflow.cps.CpsGroovyShell.reparse(CpsGroovyShell.java:175)
	at org.jenkinsci.plugins.workflow.cps.CpsFlowExecution.parseScript(CpsFlowExecution.java:569)
	at org.jenkinsci.plugins.workflow.cps.CpsFlowExecution.start(CpsFlowExecution.java:519)
	at org.jenkinsci.plugins.workflow.job.WorkflowRun.run(WorkflowRun.java:336)
	at hudson.model.ResourceController.execute(ResourceController.java:101)
	at hudson.model.Executor.run(Executor.java:442)
Finished: FAILURE
